[2019-07-20 13:54:27.579] [exthost] [info] extension host started
[2019-07-20 13:54:27.592] [exthost] [info] ExtensionService#_doActivateExtension vscode.debug-auto-launch {"startup":true,"activationEvent":"*"}
[2019-07-20 13:54:27.592] [exthost] [info] ExtensionService#loadCommonJSModule /usr/share/code/resources/app/extensions/debug-auto-launch/dist/extension
[2019-07-20 13:54:27.594] [exthost] [info] ExtensionService#_doActivateExtension vscode.emmet {"startup":true,"activationEvent":"*"}
[2019-07-20 13:54:27.594] [exthost] [info] ExtensionService#loadCommonJSModule /usr/share/code/resources/app/extensions/emmet/dist/extension
[2019-07-20 13:54:27.604] [exthost] [info] ExtensionService#_doActivateExtension vscode.git {"startup":true,"activationEvent":"*"}
[2019-07-20 13:54:27.604] [exthost] [info] ExtensionService#loadCommonJSModule /usr/share/code/resources/app/extensions/git/dist/main
[2019-07-20 13:54:27.666] [exthost] [info] ExtensionService#_doActivateExtension vscode.merge-conflict {"startup":true,"activationEvent":"*"}
[2019-07-20 13:54:27.666] [exthost] [info] ExtensionService#loadCommonJSModule /usr/share/code/resources/app/extensions/merge-conflict/dist/extension
[2019-07-20 13:54:27.669] [exthost] [info] ExtensionService#_doActivateExtension bierner.color-info {"startup":true,"activationEvent":"*"}
[2019-07-20 13:54:27.669] [exthost] [info] ExtensionService#loadCommonJSModule /home/james/.vscode/extensions/bierner.color-info-0.5.1/out/src/extension
[2019-07-20 13:54:27.690] [exthost] [info] ExtensionService#_doActivateExtension christian-kohler.path-intellisense {"startup":true,"activationEvent":"*"}
[2019-07-20 13:54:27.690] [exthost] [info] ExtensionService#loadCommonJSModule /home/james/.vscode/extensions/christian-kohler.path-intellisense-1.4.2/out/src/extension
[2019-07-20 13:54:27.697] [exthost] [info] ExtensionService#_doActivateExtension CoenraadS.bracket-pair-colorizer {"startup":true,"activationEvent":"*"}
[2019-07-20 13:54:27.697] [exthost] [info] ExtensionService#loadCommonJSModule /home/james/.vscode/extensions/coenraads.bracket-pair-colorizer-1.0.61/out/src/extension
[2019-07-20 13:54:27.707] [exthost] [info] ExtensionService#_doActivateExtension eamodio.gitlens {"startup":true,"activationEvent":"*"}
[2019-07-20 13:54:27.707] [exthost] [info] ExtensionService#loadCommonJSModule /home/james/.vscode/extensions/eamodio.gitlens-9.8.5/dist/extension
[2019-07-20 13:54:27.794] [exthost] [info] ExtensionService#_doActivateExtension esbenp.prettier-vscode {"startup":true,"activationEvent":"*"}
[2019-07-20 13:54:27.794] [exthost] [info] ExtensionService#loadCommonJSModule /home/james/.vscode/extensions/esbenp.prettier-vscode-1.9.0/out/src/extension
[2019-07-20 13:54:27.907] [exthost] [info] ExtensionService#_doActivateExtension formulahendry.auto-close-tag {"startup":true,"activationEvent":"*"}
[2019-07-20 13:54:27.907] [exthost] [info] ExtensionService#loadCommonJSModule /home/james/.vscode/extensions/formulahendry.auto-close-tag-0.5.6/out/src/extension
[2019-07-20 13:54:27.908] [exthost] [info] ExtensionService#_doActivateExtension formulahendry.auto-rename-tag {"startup":true,"activationEvent":"*"}
[2019-07-20 13:54:27.908] [exthost] [info] ExtensionService#loadCommonJSModule /home/james/.vscode/extensions/formulahendry.auto-rename-tag-0.1.0/out/src/extension
[2019-07-20 13:54:27.909] [exthost] [info] ExtensionService#_doActivateExtension oderwat.indent-rainbow {"startup":true,"activationEvent":"*"}
[2019-07-20 13:54:27.909] [exthost] [info] ExtensionService#loadCommonJSModule /home/james/.vscode/extensions/oderwat.indent-rainbow-7.4.0/out/extension
[2019-07-20 13:54:27.910] [exthost] [info] ExtensionService#_doActivateExtension SirTori.indenticator {"startup":true,"activationEvent":"*"}
[2019-07-20 13:54:27.910] [exthost] [info] ExtensionService#loadCommonJSModule /home/james/.vscode/extensions/sirtori.indenticator-0.6.0/out/src/extension
[2019-07-20 13:54:27.911] [exthost] [info] ExtensionService#_doActivateExtension vscode-icons-team.vscode-icons {"startup":true,"activationEvent":"*"}
[2019-07-20 13:54:27.911] [exthost] [info] ExtensionService#loadCommonJSModule /home/james/.vscode/extensions/vscode-icons-team.vscode-icons-8.8.0/out/src/
[2019-07-20 13:54:27.963] [exthost] [info] eager extensions activated
[2019-07-20 13:54:28.083] [exthost] [info] ExtensionService#_doActivateExtension vscode.html-language-features {"startup":false,"activationEvent":"onLanguage:html"}
[2019-07-20 13:54:28.083] [exthost] [info] ExtensionService#loadCommonJSModule /usr/share/code/resources/app/extensions/html-language-features/client/dist/htmlMain
[2019-07-20 13:54:52.030] [exthost] [info] extension host started
[2019-07-20 13:54:52.041] [exthost] [info] ExtensionService#_doActivateExtension vscode.debug-auto-launch {"startup":true,"activationEvent":"*"}
[2019-07-20 13:54:52.041] [exthost] [info] ExtensionService#loadCommonJSModule /usr/share/code/resources/app/extensions/debug-auto-launch/dist/extension
[2019-07-20 13:54:52.043] [exthost] [info] ExtensionService#_doActivateExtension vscode.emmet {"startup":true,"activationEvent":"*"}
[2019-07-20 13:54:52.043] [exthost] [info] ExtensionService#loadCommonJSModule /usr/share/code/resources/app/extensions/emmet/dist/extension
[2019-07-20 13:54:52.054] [exthost] [info] ExtensionService#_doActivateExtension vscode.git {"startup":true,"activationEvent":"*"}
[2019-07-20 13:54:52.054] [exthost] [info] ExtensionService#loadCommonJSModule /usr/share/code/resources/app/extensions/git/dist/main
[2019-07-20 13:54:52.123] [exthost] [info] ExtensionService#_doActivateExtension vscode.merge-conflict {"startup":true,"activationEvent":"*"}
[2019-07-20 13:54:52.123] [exthost] [info] ExtensionService#loadCommonJSModule /usr/share/code/resources/app/extensions/merge-conflict/dist/extension
[2019-07-20 13:54:52.129] [exthost] [info] ExtensionService#_doActivateExtension bierner.color-info {"startup":true,"activationEvent":"*"}
[2019-07-20 13:54:52.129] [exthost] [info] ExtensionService#loadCommonJSModule /home/james/.vscode/extensions/bierner.color-info-0.5.1/out/src/extension
[2019-07-20 13:54:52.148] [exthost] [info] ExtensionService#_doActivateExtension christian-kohler.path-intellisense {"startup":true,"activationEvent":"*"}
[2019-07-20 13:54:52.148] [exthost] [info] ExtensionService#loadCommonJSModule /home/james/.vscode/extensions/christian-kohler.path-intellisense-1.4.2/out/src/extension
[2019-07-20 13:54:52.157] [exthost] [info] ExtensionService#_doActivateExtension CoenraadS.bracket-pair-colorizer {"startup":true,"activationEvent":"*"}
[2019-07-20 13:54:52.157] [exthost] [info] ExtensionService#loadCommonJSModule /home/james/.vscode/extensions/coenraads.bracket-pair-colorizer-1.0.61/out/src/extension
[2019-07-20 13:54:52.167] [exthost] [info] ExtensionService#_doActivateExtension eamodio.gitlens {"startup":true,"activationEvent":"*"}
[2019-07-20 13:54:52.167] [exthost] [info] ExtensionService#loadCommonJSModule /home/james/.vscode/extensions/eamodio.gitlens-9.8.5/dist/extension
[2019-07-20 13:54:52.248] [exthost] [info] ExtensionService#_doActivateExtension esbenp.prettier-vscode {"startup":true,"activationEvent":"*"}
[2019-07-20 13:54:52.248] [exthost] [info] ExtensionService#loadCommonJSModule /home/james/.vscode/extensions/esbenp.prettier-vscode-1.9.0/out/src/extension
[2019-07-20 13:54:52.359] [exthost] [info] ExtensionService#_doActivateExtension formulahendry.auto-close-tag {"startup":true,"activationEvent":"*"}
[2019-07-20 13:54:52.359] [exthost] [info] ExtensionService#loadCommonJSModule /home/james/.vscode/extensions/formulahendry.auto-close-tag-0.5.6/out/src/extension
[2019-07-20 13:54:52.360] [exthost] [info] ExtensionService#_doActivateExtension formulahendry.auto-rename-tag {"startup":true,"activationEvent":"*"}
[2019-07-20 13:54:52.360] [exthost] [info] ExtensionService#loadCommonJSModule /home/james/.vscode/extensions/formulahendry.auto-rename-tag-0.1.0/out/src/extension
[2019-07-20 13:54:52.361] [exthost] [info] ExtensionService#_doActivateExtension oderwat.indent-rainbow {"startup":true,"activationEvent":"*"}
[2019-07-20 13:54:52.361] [exthost] [info] ExtensionService#loadCommonJSModule /home/james/.vscode/extensions/oderwat.indent-rainbow-7.4.0/out/extension
[2019-07-20 13:54:52.362] [exthost] [info] ExtensionService#_doActivateExtension SirTori.indenticator {"startup":true,"activationEvent":"*"}
[2019-07-20 13:54:52.362] [exthost] [info] ExtensionService#loadCommonJSModule /home/james/.vscode/extensions/sirtori.indenticator-0.6.0/out/src/extension
[2019-07-20 13:54:52.363] [exthost] [info] ExtensionService#_doActivateExtension vscode-icons-team.vscode-icons {"startup":true,"activationEvent":"*"}
[2019-07-20 13:54:52.363] [exthost] [info] ExtensionService#loadCommonJSModule /home/james/.vscode/extensions/vscode-icons-team.vscode-icons-8.8.0/out/src/
[2019-07-20 13:54:52.412] [exthost] [info] eager extensions activated
[2019-07-20 14:05:20.059] [exthost] [error] [SirTori.indenticator] provider FAILED
[2019-07-20 14:05:20.065] [exthost] [error] TypeError: Cannot read property 'peekBack' of undefined
	at IndentSpy._peekBack (/home/james/.vscode/extensions/sirtori.indenticator-0.6.0/out/src/extension.js:250:28)
	at IndentSpy._buildHoverString (/home/james/.vscode/extensions/sirtori.indenticator-0.6.0/out/src/extension.js:234:35)
	at IndentSpy._buildHoverprovider (/home/james/.vscode/extensions/sirtori.indenticator-0.6.0/out/src/extension.js:215:28)
	at Object.provideHover (/home/james/.vscode/extensions/sirtori.indenticator-0.6.0/out/src/extension.js:205:29)
	at define.provideHover.o.asPromise (/usr/share/code/resources/app/out/vs/workbench/services/extensions/node/extensionHostProcess.js:547:97)
	at t.asPromise.Promise (/usr/share/code/resources/app/out/vs/workbench/services/extensions/node/extensionHostProcess.js:53:995)
	at new Promise (<anonymous>)
	at Object.t.asPromise (/usr/share/code/resources/app/out/vs/workbench/services/extensions/node/extensionHostProcess.js:53:967)
	at b.provideHover (/usr/share/code/resources/app/out/vs/workbench/services/extensions/node/extensionHostProcess.js:547:68)
	at define.$provideHover._withAdapter.e (/usr/share/code/resources/app/out/vs/workbench/services/extensions/node/extensionHostProcess.js:563:572)
	at W._withAdapter (/usr/share/code/resources/app/out/vs/workbench/services/extensions/node/extensionHostProcess.js:560:499)
	at W.$provideHover (/usr/share/code/resources/app/out/vs/workbench/services/extensions/node/extensionHostProcess.js:563:550)
	at d._doInvokeHandler (/usr/share/code/resources/app/out/vs/workbench/services/extensions/node/extensionHostProcess.js:653:1006)
	at d._invokeHandler (/usr/share/code/resources/app/out/vs/workbench/services/extensions/node/extensionHostProcess.js:653:698)
	at d._receiveRequest (/usr/share/code/resources/app/out/vs/workbench/services/extensions/node/extensionHostProcess.js:652:293)
	at d._receiveOneMessage (/usr/share/code/resources/app/out/vs/workbench/services/extensions/node/extensionHostProcess.js:651:141)
	at define.constructor._protocol.onMessage.e (/usr/share/code/resources/app/out/vs/workbench/services/extensions/node/extensionHostProcess.js:649:400)
	at u.fire (/usr/share/code/resources/app/out/vs/workbench/services/extensions/node/extensionHostProcess.js:48:468)
	at a (/usr/share/code/resources/app/out/vs/workbench/services/extensions/node/extensionHostProcess.js:177:627)
	at e (/usr/share/code/resources/app/out/vs/workbench/services/extensions/node/extensionHostProcess.js:177:673)
	at u.fire (/usr/share/code/resources/app/out/vs/workbench/services/extensions/node/extensionHostProcess.js:48:468)
	at n.constructor.e.onMessage.e (/usr/share/code/resources/app/out/vs/workbench/services/extensions/node/extensionHostProcess.js:758:621)
	at u.fire (/usr/share/code/resources/app/out/vs/workbench/services/extensions/node/extensionHostProcess.js:48:468)
	at a (/usr/share/code/resources/app/out/vs/workbench/services/extensions/node/extensionHostProcess.js:177:627)
	at e (/usr/share/code/resources/app/out/vs/workbench/services/extensions/node/extensionHostProcess.js:177:673)
	at u.fire (/usr/share/code/resources/app/out/vs/workbench/services/extensions/node/extensionHostProcess.js:48:468)
	at y._receiveMessage (/usr/share/code/resources/app/out/vs/workbench/services/extensions/node/extensionHostProcess.js:186:545)
	at define.constructor._socketDisposables.push._socketReader.onMessage.e (/usr/share/code/resources/app/out/vs/workbench/services/extensions/node/extensionHostProcess.js:183:860)
	at u.fire (/usr/share/code/resources/app/out/vs/workbench/services/extensions/node/extensionHostProcess.js:48:468)
	at f.acceptChunk (/usr/share/code/resources/app/out/vs/workbench/services/extensions/node/extensionHostProcess.js:180:393)
	at define.constructor._register._socket.onData.e (/usr/share/code/resources/app/out/vs/workbench/services/extensions/node/extensionHostProcess.js:179:731)
	at Socket.t (/usr/share/code/resources/app/out/vs/workbench/services/extensions/node/extensionHostProcess.js:188:22)
	at Socket.emit (events.js:182:13)
	at addChunk (_stream_readable.js:283:12)
	at readableAddChunk (_stream_readable.js:264:11)
	at Socket.Readable.push (_stream_readable.js:219:10)
	at Pipe.onStreamRead [as onread] (internal/stream_base_commons.js:94:17)
[2019-07-20 14:05:20.363] [exthost] [error] [SirTori.indenticator] provider FAILED
[2019-07-20 14:05:20.364] [exthost] [error] TypeError: Cannot read property 'peekBack' of undefined
	at IndentSpy._peekBack (/home/james/.vscode/extensions/sirtori.indenticator-0.6.0/out/src/extension.js:250:28)
	at IndentSpy._buildHoverString (/home/james/.vscode/extensions/sirtori.indenticator-0.6.0/out/src/extension.js:234:35)
	at IndentSpy._buildHoverprovider (/home/james/.vscode/extensions/sirtori.indenticator-0.6.0/out/src/extension.js:215:28)
	at Object.provideHover (/home/james/.vscode/extensions/sirtori.indenticator-0.6.0/out/src/extension.js:205:29)
	at define.provideHover.o.asPromise (/usr/share/code/resources/app/out/vs/workbench/services/extensions/node/extensionHostProcess.js:547:97)
	at t.asPromise.Promise (/usr/share/code/resources/app/out/vs/workbench/services/extensions/node/extensionHostProcess.js:53:995)
	at new Promise (<anonymous>)
	at Object.t.asPromise (/usr/share/code/resources/app/out/vs/workbench/services/extensions/node/extensionHostProcess.js:53:967)
	at b.provideHover (/usr/share/code/resources/app/out/vs/workbench/services/extensions/node/extensionHostProcess.js:547:68)
	at define.$provideHover._withAdapter.e (/usr/share/code/resources/app/out/vs/workbench/services/extensions/node/extensionHostProcess.js:563:572)
	at W._withAdapter (/usr/share/code/resources/app/out/vs/workbench/services/extensions/node/extensionHostProcess.js:560:499)
	at W.$provideHover (/usr/share/code/resources/app/out/vs/workbench/services/extensions/node/extensionHostProcess.js:563:550)
	at d._doInvokeHandler (/usr/share/code/resources/app/out/vs/workbench/services/extensions/node/extensionHostProcess.js:653:1006)
	at d._invokeHandler (/usr/share/code/resources/app/out/vs/workbench/services/extensions/node/extensionHostProcess.js:653:698)
	at d._receiveRequest (/usr/share/code/resources/app/out/vs/workbench/services/extensions/node/extensionHostProcess.js:652:293)
	at d._receiveOneMessage (/usr/share/code/resources/app/out/vs/workbench/services/extensions/node/extensionHostProcess.js:651:141)
	at define.constructor._protocol.onMessage.e (/usr/share/code/resources/app/out/vs/workbench/services/extensions/node/extensionHostProcess.js:649:400)
	at u.fire (/usr/share/code/resources/app/out/vs/workbench/services/extensions/node/extensionHostProcess.js:48:468)
	at a (/usr/share/code/resources/app/out/vs/workbench/services/extensions/node/extensionHostProcess.js:177:627)
	at e (/usr/share/code/resources/app/out/vs/workbench/services/extensions/node/extensionHostProcess.js:177:673)
	at u.fire (/usr/share/code/resources/app/out/vs/workbench/services/extensions/node/extensionHostProcess.js:48:468)
	at n.constructor.e.onMessage.e (/usr/share/code/resources/app/out/vs/workbench/services/extensions/node/extensionHostProcess.js:758:621)
	at u.fire (/usr/share/code/resources/app/out/vs/workbench/services/extensions/node/extensionHostProcess.js:48:468)
	at a (/usr/share/code/resources/app/out/vs/workbench/services/extensions/node/extensionHostProcess.js:177:627)
	at e (/usr/share/code/resources/app/out/vs/workbench/services/extensions/node/extensionHostProcess.js:177:673)
	at u.fire (/usr/share/code/resources/app/out/vs/workbench/services/extensions/node/extensionHostProcess.js:48:468)
	at y._receiveMessage (/usr/share/code/resources/app/out/vs/workbench/services/extensions/node/extensionHostProcess.js:186:545)
	at define.constructor._socketDisposables.push._socketReader.onMessage.e (/usr/share/code/resources/app/out/vs/workbench/services/extensions/node/extensionHostProcess.js:183:860)
	at u.fire (/usr/share/code/resources/app/out/vs/workbench/services/extensions/node/extensionHostProcess.js:48:468)
	at f.acceptChunk (/usr/share/code/resources/app/out/vs/workbench/services/extensions/node/extensionHostProcess.js:180:393)
	at define.constructor._register._socket.onData.e (/usr/share/code/resources/app/out/vs/workbench/services/extensions/node/extensionHostProcess.js:179:731)
	at Socket.t (/usr/share/code/resources/app/out/vs/workbench/services/extensions/node/extensionHostProcess.js:188:22)
	at Socket.emit (events.js:182:13)
	at addChunk (_stream_readable.js:283:12)
	at readableAddChunk (_stream_readable.js:264:11)
	at Socket.Readable.push (_stream_readable.js:219:10)
	at Pipe.onStreamRead [as onread] (internal/stream_base_commons.js:94:17)
[2019-07-20 14:10:07.766] [exthost] [info] ExtensionService#_doActivateExtension vscode.css-language-features {"startup":false,"activationEvent":"onLanguage:scss"}
[2019-07-20 14:10:07.766] [exthost] [info] ExtensionService#loadCommonJSModule /usr/share/code/resources/app/extensions/css-language-features/client/dist/cssMain
[2019-07-20 14:26:46.072] [exthost] [error] [SirTori.indenticator] provider FAILED
[2019-07-20 14:26:46.073] [exthost] [error] TypeError: Cannot read property 'peekBack' of undefined
	at IndentSpy._peekBack (/home/james/.vscode/extensions/sirtori.indenticator-0.6.0/out/src/extension.js:250:28)
	at IndentSpy._buildHoverString (/home/james/.vscode/extensions/sirtori.indenticator-0.6.0/out/src/extension.js:234:35)
	at IndentSpy._buildHoverprovider (/home/james/.vscode/extensions/sirtori.indenticator-0.6.0/out/src/extension.js:215:28)
	at Object.provideHover (/home/james/.vscode/extensions/sirtori.indenticator-0.6.0/out/src/extension.js:205:29)
	at define.provideHover.o.asPromise (/usr/share/code/resources/app/out/vs/workbench/services/extensions/node/extensionHostProcess.js:547:97)
	at t.asPromise.Promise (/usr/share/code/resources/app/out/vs/workbench/services/extensions/node/extensionHostProcess.js:53:995)
	at new Promise (<anonymous>)
	at Object.t.asPromise (/usr/share/code/resources/app/out/vs/workbench/services/extensions/node/extensionHostProcess.js:53:967)
	at b.provideHover (/usr/share/code/resources/app/out/vs/workbench/services/extensions/node/extensionHostProcess.js:547:68)
	at define.$provideHover._withAdapter.e (/usr/share/code/resources/app/out/vs/workbench/services/extensions/node/extensionHostProcess.js:563:572)
	at W._withAdapter (/usr/share/code/resources/app/out/vs/workbench/services/extensions/node/extensionHostProcess.js:560:499)
	at W.$provideHover (/usr/share/code/resources/app/out/vs/workbench/services/extensions/node/extensionHostProcess.js:563:550)
	at d._doInvokeHandler (/usr/share/code/resources/app/out/vs/workbench/services/extensions/node/extensionHostProcess.js:653:1006)
	at d._invokeHandler (/usr/share/code/resources/app/out/vs/workbench/services/extensions/node/extensionHostProcess.js:653:698)
	at d._receiveRequest (/usr/share/code/resources/app/out/vs/workbench/services/extensions/node/extensionHostProcess.js:652:293)
	at d._receiveOneMessage (/usr/share/code/resources/app/out/vs/workbench/services/extensions/node/extensionHostProcess.js:651:141)
	at define.constructor._protocol.onMessage.e (/usr/share/code/resources/app/out/vs/workbench/services/extensions/node/extensionHostProcess.js:649:400)
	at u.fire (/usr/share/code/resources/app/out/vs/workbench/services/extensions/node/extensionHostProcess.js:48:468)
	at a (/usr/share/code/resources/app/out/vs/workbench/services/extensions/node/extensionHostProcess.js:177:627)
	at e (/usr/share/code/resources/app/out/vs/workbench/services/extensions/node/extensionHostProcess.js:177:673)
	at u.fire (/usr/share/code/resources/app/out/vs/workbench/services/extensions/node/extensionHostProcess.js:48:468)
	at n.constructor.e.onMessage.e (/usr/share/code/resources/app/out/vs/workbench/services/extensions/node/extensionHostProcess.js:758:621)
	at u.fire (/usr/share/code/resources/app/out/vs/workbench/services/extensions/node/extensionHostProcess.js:48:468)
	at a (/usr/share/code/resources/app/out/vs/workbench/services/extensions/node/extensionHostProcess.js:177:627)
	at e (/usr/share/code/resources/app/out/vs/workbench/services/extensions/node/extensionHostProcess.js:177:673)
	at u.fire (/usr/share/code/resources/app/out/vs/workbench/services/extensions/node/extensionHostProcess.js:48:468)
	at y._receiveMessage (/usr/share/code/resources/app/out/vs/workbench/services/extensions/node/extensionHostProcess.js:186:545)
	at define.constructor._socketDisposables.push._socketReader.onMessage.e (/usr/share/code/resources/app/out/vs/workbench/services/extensions/node/extensionHostProcess.js:183:860)
	at u.fire (/usr/share/code/resources/app/out/vs/workbench/services/extensions/node/extensionHostProcess.js:48:468)
	at f.acceptChunk (/usr/share/code/resources/app/out/vs/workbench/services/extensions/node/extensionHostProcess.js:180:393)
	at define.constructor._register._socket.onData.e (/usr/share/code/resources/app/out/vs/workbench/services/extensions/node/extensionHostProcess.js:179:731)
	at Socket.t (/usr/share/code/resources/app/out/vs/workbench/services/extensions/node/extensionHostProcess.js:188:22)
	at Socket.emit (events.js:182:13)
	at addChunk (_stream_readable.js:283:12)
	at readableAddChunk (_stream_readable.js:264:11)
	at Socket.Readable.push (_stream_readable.js:219:10)
	at Pipe.onStreamRead [as onread] (internal/stream_base_commons.js:94:17)
[2019-07-20 14:37:49.545] [exthost] [error] [SirTori.indenticator] provider FAILED
[2019-07-20 14:37:49.546] [exthost] [error] TypeError: Cannot read property 'peekBack' of undefined
	at IndentSpy._peekBack (/home/james/.vscode/extensions/sirtori.indenticator-0.6.0/out/src/extension.js:250:28)
	at IndentSpy._buildHoverString (/home/james/.vscode/extensions/sirtori.indenticator-0.6.0/out/src/extension.js:234:35)
	at IndentSpy._buildHoverprovider (/home/james/.vscode/extensions/sirtori.indenticator-0.6.0/out/src/extension.js:215:28)
	at Object.provideHover (/home/james/.vscode/extensions/sirtori.indenticator-0.6.0/out/src/extension.js:205:29)
	at define.provideHover.o.asPromise (/usr/share/code/resources/app/out/vs/workbench/services/extensions/node/extensionHostProcess.js:547:97)
	at t.asPromise.Promise (/usr/share/code/resources/app/out/vs/workbench/services/extensions/node/extensionHostProcess.js:53:995)
	at new Promise (<anonymous>)
	at Object.t.asPromise (/usr/share/code/resources/app/out/vs/workbench/services/extensions/node/extensionHostProcess.js:53:967)
	at b.provideHover (/usr/share/code/resources/app/out/vs/workbench/services/extensions/node/extensionHostProcess.js:547:68)
	at define.$provideHover._withAdapter.e (/usr/share/code/resources/app/out/vs/workbench/services/extensions/node/extensionHostProcess.js:563:572)
	at W._withAdapter (/usr/share/code/resources/app/out/vs/workbench/services/extensions/node/extensionHostProcess.js:560:499)
	at W.$provideHover (/usr/share/code/resources/app/out/vs/workbench/services/extensions/node/extensionHostProcess.js:563:550)
	at d._doInvokeHandler (/usr/share/code/resources/app/out/vs/workbench/services/extensions/node/extensionHostProcess.js:653:1006)
	at d._invokeHandler (/usr/share/code/resources/app/out/vs/workbench/services/extensions/node/extensionHostProcess.js:653:698)
	at d._receiveRequest (/usr/share/code/resources/app/out/vs/workbench/services/extensions/node/extensionHostProcess.js:652:293)
	at d._receiveOneMessage (/usr/share/code/resources/app/out/vs/workbench/services/extensions/node/extensionHostProcess.js:651:141)
	at define.constructor._protocol.onMessage.e (/usr/share/code/resources/app/out/vs/workbench/services/extensions/node/extensionHostProcess.js:649:400)
	at u.fire (/usr/share/code/resources/app/out/vs/workbench/services/extensions/node/extensionHostProcess.js:48:468)
	at a (/usr/share/code/resources/app/out/vs/workbench/services/extensions/node/extensionHostProcess.js:177:627)
	at e (/usr/share/code/resources/app/out/vs/workbench/services/extensions/node/extensionHostProcess.js:177:673)
	at u.fire (/usr/share/code/resources/app/out/vs/workbench/services/extensions/node/extensionHostProcess.js:48:468)
	at n.constructor.e.onMessage.e (/usr/share/code/resources/app/out/vs/workbench/services/extensions/node/extensionHostProcess.js:758:621)
	at u.fire (/usr/share/code/resources/app/out/vs/workbench/services/extensions/node/extensionHostProcess.js:48:468)
	at a (/usr/share/code/resources/app/out/vs/workbench/services/extensions/node/extensionHostProcess.js:177:627)
	at e (/usr/share/code/resources/app/out/vs/workbench/services/extensions/node/extensionHostProcess.js:177:673)
	at u.fire (/usr/share/code/resources/app/out/vs/workbench/services/extensions/node/extensionHostProcess.js:48:468)
	at y._receiveMessage (/usr/share/code/resources/app/out/vs/workbench/services/extensions/node/extensionHostProcess.js:186:545)
	at define.constructor._socketDisposables.push._socketReader.onMessage.e (/usr/share/code/resources/app/out/vs/workbench/services/extensions/node/extensionHostProcess.js:183:860)
	at u.fire (/usr/share/code/resources/app/out/vs/workbench/services/extensions/node/extensionHostProcess.js:48:468)
	at f.acceptChunk (/usr/share/code/resources/app/out/vs/workbench/services/extensions/node/extensionHostProcess.js:180:393)
	at define.constructor._register._socket.onData.e (/usr/share/code/resources/app/out/vs/workbench/services/extensions/node/extensionHostProcess.js:179:731)
	at Socket.t (/usr/share/code/resources/app/out/vs/workbench/services/extensions/node/extensionHostProcess.js:188:22)
	at Socket.emit (events.js:182:13)
	at addChunk (_stream_readable.js:283:12)
	at readableAddChunk (_stream_readable.js:264:11)
	at Socket.Readable.push (_stream_readable.js:219:10)
	at Pipe.onStreamRead [as onread] (internal/stream_base_commons.js:94:17)
